GAS LISTING /tmp/ccMDZrBb.s 			page 1


   1               		.file	"List1.c"
   2               	__SP_H__ = 0x3e
   3               	__SP_L__ = 0x3d
   4               	__SREG__ = 0x3f
   5               	__tmp_reg__ = 0
   6               	__zero_reg__ = 1
   7               		.stabs	"/home/geraldobraz/Documentos/UFPE/embedded-systems/rtos/Exercises_list/List_1/",100,0,2,.L
   8               		.stabs	"List1.c",100,0,2,.Ltext0
   9               		.text
  10               	.Ltext0:
  11               		.stabs	"gcc2_compiled.",60,0,0,0
  12               		.stabs	"int:t(0,1)=r(0,1);-32768;32767;",128,0,0,0
  13               		.stabs	"char:t(0,2)=@s8;r(0,2);0;255;",128,0,0,0
  14               		.stabs	"long int:t(0,3)=@s32;r(0,3);020000000000;017777777777;",128,0,0,0
  15               		.stabs	"unsigned int:t(0,4)=r(0,4);0;0177777;",128,0,0,0
  16               		.stabs	"long unsigned int:t(0,5)=@s32;r(0,5);0;037777777777;",128,0,0,0
  17               		.stabs	"long long int:t(0,6)=@s64;r(0,6);01000000000000000000000;0777777777777777777777;",128,0,0,
  18               		.stabs	"long long unsigned int:t(0,7)=@s64;r(0,7);0;01777777777777777777777;",128,0,0,0
  19               		.stabs	"short int:t(0,8)=r(0,8);-32768;32767;",128,0,0,0
  20               		.stabs	"short unsigned int:t(0,9)=r(0,9);0;0177777;",128,0,0,0
  21               		.stabs	"signed char:t(0,10)=@s8;r(0,10);-128;127;",128,0,0,0
  22               		.stabs	"unsigned char:t(0,11)=@s8;r(0,11);0;255;",128,0,0,0
  23               		.stabs	"float:t(0,12)=r(0,1);4;0;",128,0,0,0
  24               		.stabs	"double:t(0,13)=r(0,1);4;0;",128,0,0,0
  25               		.stabs	"long double:t(0,14)=r(0,1);4;0;",128,0,0,0
  26               		.stabs	"short _Fract:t(0,15)=r(0,1);1;0;",128,0,0,0
  27               		.stabs	"_Fract:t(0,16)=r(0,1);2;0;",128,0,0,0
  28               		.stabs	"long _Fract:t(0,17)=r(0,1);4;0;",128,0,0,0
  29               		.stabs	"long long _Fract:t(0,18)=r(0,1);8;0;",128,0,0,0
  30               		.stabs	"unsigned short _Fract:t(0,19)=r(0,1);1;0;",128,0,0,0
  31               		.stabs	"unsigned _Fract:t(0,20)=r(0,1);2;0;",128,0,0,0
  32               		.stabs	"unsigned long _Fract:t(0,21)=r(0,1);4;0;",128,0,0,0
  33               		.stabs	"unsigned long long _Fract:t(0,22)=r(0,1);8;0;",128,0,0,0
  34               		.stabs	"_Sat short _Fract:t(0,23)=r(0,1);1;0;",128,0,0,0
  35               		.stabs	"_Sat _Fract:t(0,24)=r(0,1);2;0;",128,0,0,0
  36               		.stabs	"_Sat long _Fract:t(0,25)=r(0,1);4;0;",128,0,0,0
  37               		.stabs	"_Sat long long _Fract:t(0,26)=r(0,1);8;0;",128,0,0,0
  38               		.stabs	"_Sat unsigned short _Fract:t(0,27)=r(0,1);1;0;",128,0,0,0
  39               		.stabs	"_Sat unsigned _Fract:t(0,28)=r(0,1);2;0;",128,0,0,0
  40               		.stabs	"_Sat unsigned long _Fract:t(0,29)=r(0,1);4;0;",128,0,0,0
  41               		.stabs	"_Sat unsigned long long _Fract:t(0,30)=r(0,1);8;0;",128,0,0,0
  42               		.stabs	"short _Accum:t(0,31)=r(0,1);2;0;",128,0,0,0
  43               		.stabs	"_Accum:t(0,32)=r(0,1);4;0;",128,0,0,0
  44               		.stabs	"long _Accum:t(0,33)=r(0,1);8;0;",128,0,0,0
  45               		.stabs	"long long _Accum:t(0,34)=r(0,1);8;0;",128,0,0,0
  46               		.stabs	"unsigned short _Accum:t(0,35)=r(0,1);2;0;",128,0,0,0
  47               		.stabs	"unsigned _Accum:t(0,36)=r(0,1);4;0;",128,0,0,0
  48               		.stabs	"unsigned long _Accum:t(0,37)=r(0,1);8;0;",128,0,0,0
  49               		.stabs	"unsigned long long _Accum:t(0,38)=r(0,1);8;0;",128,0,0,0
  50               		.stabs	"_Sat short _Accum:t(0,39)=r(0,1);2;0;",128,0,0,0
  51               		.stabs	"_Sat _Accum:t(0,40)=r(0,1);4;0;",128,0,0,0
  52               		.stabs	"_Sat long _Accum:t(0,41)=r(0,1);8;0;",128,0,0,0
  53               		.stabs	"_Sat long long _Accum:t(0,42)=r(0,1);8;0;",128,0,0,0
  54               		.stabs	"_Sat unsigned short _Accum:t(0,43)=r(0,1);2;0;",128,0,0,0
  55               		.stabs	"_Sat unsigned _Accum:t(0,44)=r(0,1);4;0;",128,0,0,0
  56               		.stabs	"_Sat unsigned long _Accum:t(0,45)=r(0,1);8;0;",128,0,0,0
  57               		.stabs	"_Sat unsigned long long _Accum:t(0,46)=r(0,1);8;0;",128,0,0,0
GAS LISTING /tmp/ccMDZrBb.s 			page 2


  58               		.stabs	"void:t(0,47)=(0,47)",128,0,0,0
  59               		.stabs	"/usr/lib/avr/include/avr/io.h",130,0,0,0
  60               		.stabs	"/usr/lib/avr/include/avr/sfr_defs.h",130,0,0,0
  61               		.stabs	"/usr/lib/avr/include/inttypes.h",130,0,0,0
  62               		.stabs	"/usr/lib/gcc/avr/4.9.2/include/stdint.h",130,0,0,0
  63               		.stabs	"/usr/lib/avr/include/stdint.h",130,0,0,0
  64               		.stabs	"int8_t:t(5,1)=(0,10)",128,0,121,0
  65               		.stabs	"uint8_t:t(5,2)=(0,11)",128,0,122,0
  66               		.stabs	"int16_t:t(5,3)=(0,1)",128,0,123,0
  67               		.stabs	"uint16_t:t(5,4)=(0,4)",128,0,124,0
  68               		.stabs	"int32_t:t(5,5)=(0,3)",128,0,125,0
  69               		.stabs	"uint32_t:t(5,6)=(0,5)",128,0,126,0
  70               		.stabs	"int64_t:t(5,7)=(0,6)",128,0,128,0
  71               		.stabs	"uint64_t:t(5,8)=(0,7)",128,0,129,0
  72               		.stabs	"intptr_t:t(5,9)=(5,3)",128,0,142,0
  73               		.stabs	"uintptr_t:t(5,10)=(5,4)",128,0,147,0
  74               		.stabs	"int_least8_t:t(5,11)=(5,1)",128,0,159,0
  75               		.stabs	"uint_least8_t:t(5,12)=(5,2)",128,0,164,0
  76               		.stabs	"int_least16_t:t(5,13)=(5,3)",128,0,169,0
  77               		.stabs	"uint_least16_t:t(5,14)=(5,4)",128,0,174,0
  78               		.stabs	"int_least32_t:t(5,15)=(5,5)",128,0,179,0
  79               		.stabs	"uint_least32_t:t(5,16)=(5,6)",128,0,184,0
  80               		.stabs	"int_least64_t:t(5,17)=(5,7)",128,0,192,0
  81               		.stabs	"uint_least64_t:t(5,18)=(5,8)",128,0,199,0
  82               		.stabs	"int_fast8_t:t(5,19)=(5,1)",128,0,213,0
  83               		.stabs	"uint_fast8_t:t(5,20)=(5,2)",128,0,218,0
  84               		.stabs	"int_fast16_t:t(5,21)=(5,3)",128,0,223,0
  85               		.stabs	"uint_fast16_t:t(5,22)=(5,4)",128,0,228,0
  86               		.stabs	"int_fast32_t:t(5,23)=(5,5)",128,0,233,0
  87               		.stabs	"uint_fast32_t:t(5,24)=(5,6)",128,0,238,0
  88               		.stabs	"int_fast64_t:t(5,25)=(5,7)",128,0,246,0
  89               		.stabs	"uint_fast64_t:t(5,26)=(5,8)",128,0,253,0
  90               		.stabs	"intmax_t:t(5,27)=(5,7)",128,0,273,0
  91               		.stabs	"uintmax_t:t(5,28)=(5,8)",128,0,278,0
  92               		.stabn	162,0,0,0
  93               		.stabn	162,0,0,0
  94               		.stabs	"int_farptr_t:t(3,1)=(5,5)",128,0,77,0
  95               		.stabs	"uint_farptr_t:t(3,2)=(5,6)",128,0,81,0
  96               		.stabn	162,0,0,0
  97               		.stabn	162,0,0,0
  98               		.stabs	"/usr/lib/avr/include/avr/fuse.h",130,0,0,0
  99               		.stabs	"__fuse_t:t(6,1)=(6,2)=s3low:(0,11),0,8;high:(0,11),8,8;extended:(0,11),16,8;;",128,0,244,0
 100               		.stabn	162,0,0,0
 101               		.stabn	162,0,0,0
 102               		.stabs	"usartInit:F(0,47)",36,0,33,usartInit
 103               	.global	usartInit
 104               		.type	usartInit, @function
 105               	usartInit:
 106               		.stabd	46,0,0
   1:List1.c       **** /* Atividade da Lista 1
   2:List1.c       ****     Faça um programa para o Arduino que receba um comando pela porta serial e ative o pino conecta
   3:List1.c       ****     Conecte a saída "echo" do ultrassom ao pino INT0 e configure sua interrupção para detectar o
   4:List1.c       ****     No programa principal, ao detectar a flag ativada, envie um byte com valor 48 pela porta serial
   5:List1.c       **** */
   6:List1.c       **** 
   7:List1.c       **** //***********************************//
   8:List1.c       **** // Includes
GAS LISTING /tmp/ccMDZrBb.s 			page 3


   9:List1.c       ****     #include <avr/io.h>
  10:List1.c       ****     #include <avr/cpufunc.h>
  11:List1.c       ****     #include <avr/interrupt.h>
  12:List1.c       ****     #include <util/delay.h>
  13:List1.c       **** //"/usr/lib/avr/include/avr"
  14:List1.c       **** // Defines
  15:List1.c       ****     #define FOSC 16000000ul  // Clock Speed
  16:List1.c       ****     #define BAUD 115200      // Baudrate
  17:List1.c       ****     #define BAUDRATE (FOSC/(8ul*BAUD) - 1) 
  18:List1.c       ****     #define BUFFER_SIZE 200   // USART buffer size
  19:List1.c       **** 
  20:List1.c       **** //***********************************//
  21:List1.c       **** 
  22:List1.c       **** //***********************************//
  23:List1.c       **** // Global Variables
  24:List1.c       ****     volatile uint8_t flag; 
  25:List1.c       ****     uint8_t tx_buffer[BUFFER_SIZE];     /* buffer para transmissão */
  26:List1.c       ****     uint8_t tx_head, tx_tail;   /* ponteiros para o buffer circular */
  27:List1.c       ****     uint8_t usart_transmitting;
  28:List1.c       **** //**************************sistema*********//
  29:List1.c       **** 
  30:List1.c       **** // ********* Configurations *********//
  31:List1.c       ****     //***********************************//
  32:List1.c       ****     // Usart
  33:List1.c       ****         void usartInit(){
 107               		.stabn	68,0,33,.LM0-.LFBB1
 108               	.LM0:
 109               	.LFBB1:
 110               	/* prologue: function */
 111               	/* frame size = 0 */
 112               	/* stack size = 0 */
 113               	.L__stack_usage = 0
  34:List1.c       ****             // Configuration of Usart Transmition RX-TX
  35:List1.c       ****             DDRD |= (1 << PD1); // Configure Tx as Output
 114               		.stabn	68,0,35,.LM1-.LFBB1
 115               	.LM1:
 116 0000 519A      		sbi 0xa,1
  36:List1.c       ****             DDRD |= ~(1 << PD0); // Configure Rx as Input
 117               		.stabn	68,0,36,.LM2-.LFBB1
 118               	.LM2:
 119 0002 8AB1      		in r24,0xa
 120 0004 8E6F      		ori r24,lo8(-2)
 121 0006 8AB9      		out 0xa,r24
  37:List1.c       ****             
  38:List1.c       ****             // Configurate the Baudrate
  39:List1.c       ****             UBRR0H = (BAUDRATE >> 8);
 122               		.stabn	68,0,39,.LM3-.LFBB1
 123               	.LM3:
 124 0008 1092 C500 		sts 197,__zero_reg__
  40:List1.c       ****             UBRR0L = BAUDRATE;
 125               		.stabn	68,0,40,.LM4-.LFBB1
 126               	.LM4:
 127 000c 80E1      		ldi r24,lo8(16)
 128 000e 8093 C400 		sts 196,r24
  41:List1.c       ****             // Configurate the registers
  42:List1.c       ****             UCSR0A = (1 << U2X0);
 129               		.stabn	68,0,42,.LM5-.LFBB1
GAS LISTING /tmp/ccMDZrBb.s 			page 4


 130               	.LM5:
 131 0012 82E0      		ldi r24,lo8(2)
 132 0014 8093 C000 		sts 192,r24
  43:List1.c       ****             UCSR0B = (1 << RXCIE0) | (1 << RXEN0) | (1 << TXEN0);
 133               		.stabn	68,0,43,.LM6-.LFBB1
 134               	.LM6:
 135 0018 88E9      		ldi r24,lo8(-104)
 136 001a 8093 C100 		sts 193,r24
  44:List1.c       ****             UCSR0C = (1 << UCSZ00) | (1 << UCSZ01);
 137               		.stabn	68,0,44,.LM7-.LFBB1
 138               	.LM7:
 139 001e 86E0      		ldi r24,lo8(6)
 140 0020 8093 C200 		sts 194,r24
 141 0024 0895      		ret
 142               		.size	usartInit, .-usartInit
 143               	.Lscope1:
 144               		.stabs	"",36,0,0,.Lscope1-.LFBB1
 145               		.stabd	78,0,0
 146               		.stabs	"interruptInit:F(0,47)",36,0,50,interruptInit
 147               	.global	interruptInit
 148               		.type	interruptInit, @function
 149               	interruptInit:
 150               		.stabd	46,0,0
  45:List1.c       ****             
  46:List1.c       ****         }
  47:List1.c       **** 
  48:List1.c       ****         //***********************************//
  49:List1.c       ****     // Interruption Configurations
  50:List1.c       ****         void interruptInit(){
 151               		.stabn	68,0,50,.LM8-.LFBB2
 152               	.LM8:
 153               	.LFBB2:
 154               	/* prologue: function */
 155               	/* frame size = 0 */
 156               	/* stack size = 0 */
 157               	.L__stack_usage = 0
  51:List1.c       ****             EICRA |= (1 << ISC00);    // set INT0 to trigger on ANY logic change
 158               		.stabn	68,0,51,.LM9-.LFBB2
 159               	.LM9:
 160 0026 E9E6      		ldi r30,lo8(105)
 161 0028 F0E0      		ldi r31,0
 162 002a 8081      		ld r24,Z
 163 002c 8160      		ori r24,lo8(1)
 164 002e 8083      		st Z,r24
  52:List1.c       ****             EIMSK |= (1 << INT0);     // Turns on INT0
 165               		.stabn	68,0,52,.LM10-.LFBB2
 166               	.LM10:
 167 0030 E89A      		sbi 0x1d,0
  53:List1.c       ****             sei();                    // turn on interrupts
 168               		.stabn	68,0,53,.LM11-.LFBB2
 169               	.LM11:
 170               	/* #APP */
 171               	 ;  53 "List1.c" 1
 172 0032 7894      		sei
 173               	 ;  0 "" 2
 174               	/* #NOAPP */
 175 0034 0895      		ret
GAS LISTING /tmp/ccMDZrBb.s 			page 5


 176               		.size	interruptInit, .-interruptInit
 177               	.Lscope2:
 178               		.stabs	"",36,0,0,.Lscope2-.LFBB2
 179               		.stabd	78,0,0
 180               		.stabs	"systemInit:F(0,47)",36,0,57,systemInit
 181               	.global	systemInit
 182               		.type	systemInit, @function
 183               	systemInit:
 184               		.stabd	46,0,0
  54:List1.c       ****         } 
  55:List1.c       **** 
  56:List1.c       ****     // System 
  57:List1.c       ****         void systemInit(){
 185               		.stabn	68,0,57,.LM12-.LFBB3
 186               	.LM12:
 187               	.LFBB3:
 188               	/* prologue: function */
 189               	/* frame size = 0 */
 190               	/* stack size = 0 */
 191               	.L__stack_usage = 0
  58:List1.c       ****             DDRB |= (1 << PB0); // Trigger as Output
 192               		.stabn	68,0,58,.LM13-.LFBB3
 193               	.LM13:
 194 0036 209A      		sbi 0x4,0
  59:List1.c       ****             DDRD &= ~(1 << PD2); // Echo as Input            
 195               		.stabn	68,0,59,.LM14-.LFBB3
 196               	.LM14:
 197 0038 5298      		cbi 0xa,2
 198 003a 0895      		ret
 199               		.size	systemInit, .-systemInit
 200               	.Lscope3:
 201               		.stabs	"",36,0,0,.Lscope3-.LFBB3
 202               		.stabd	78,0,0
 203               		.stabs	"delay_ms:F(0,47)",36,0,65,delay_ms
 204               		.stabs	"ms:P(5,4)",64,0,65,24
 205               	.global	delay_ms
 206               		.type	delay_ms, @function
 207               	delay_ms:
 208               		.stabd	46,0,0
  60:List1.c       ****         }
  61:List1.c       ****        
  62:List1.c       ****     //***********************************//
  63:List1.c       ****     
  64:List1.c       ****     // Functions
  65:List1.c       ****         void delay_ms(uint16_t ms){
 209               		.stabn	68,0,65,.LM15-.LFBB4
 210               	.LM15:
 211               	.LFBB4:
 212               	/* prologue: function */
 213               	/* frame size = 0 */
 214               	/* stack size = 0 */
 215               	.L__stack_usage = 0
  66:List1.c       ****             uint16_t i, j;
  67:List1.c       ****             for(i=0; i<ms; i++)
 216               		.stabn	68,0,67,.LM16-.LFBB4
 217               	.LM16:
 218 003c 20E0      		ldi r18,0
GAS LISTING /tmp/ccMDZrBb.s 			page 6


 219 003e 30E0      		ldi r19,0
 220               	.L5:
 221               		.stabn	68,0,67,.LM17-.LFBB4
 222               	.LM17:
 223 0040 2817      		cp r18,r24
 224 0042 3907      		cpc r19,r25
 225 0044 01F0      		breq .L10
 226 0046 40EA      		ldi r20,lo8(-96)
 227 0048 5FE0      		ldi r21,lo8(15)
 228               	.L6:
  68:List1.c       ****                 for(j=0; j<4000; j++)
  69:List1.c       ****                     _NOP();
 229               		.stabn	68,0,69,.LM18-.LFBB4
 230               	.LM18:
 231               	/* #APP */
 232               	 ;  69 "List1.c" 1
 233 004a 0000      		nop
 234               	 ;  0 "" 2
 235               	/* #NOAPP */
 236 004c 4150      		subi r20,1
 237 004e 5109      		sbc r21,__zero_reg__
  68:List1.c       ****                 for(j=0; j<4000; j++)
 238               		.stabn	68,0,68,.LM19-.LFBB4
 239               	.LM19:
 240 0050 01F4      		brne .L6
  67:List1.c       ****                 for(j=0; j<4000; j++)
 241               		.stabn	68,0,67,.LM20-.LFBB4
 242               	.LM20:
 243 0052 2F5F      		subi r18,-1
 244 0054 3F4F      		sbci r19,-1
 245 0056 00C0      		rjmp .L5
 246               	.L10:
 247               	/* epilogue start */
  70:List1.c       ****         }
 248               		.stabn	68,0,70,.LM21-.LFBB4
 249               	.LM21:
 250 0058 0895      		ret
 251               		.size	delay_ms, .-delay_ms
 252               		.stabs	"i:r(5,4)",64,0,66,18
 253               		.stabn	192,0,0,.LFBB4-.LFBB4
 254               		.stabn	224,0,0,.Lscope4-.LFBB4
 255               	.Lscope4:
 256               		.stabs	"",36,0,0,.Lscope4-.LFBB4
 257               		.stabd	78,0,0
 258               		.stabs	"write:F(5,2)",36,0,73,write
 259               		.stabs	"c:P(5,2)",64,0,73,24
 260               	.global	write
 261               		.type	write, @function
 262               	write:
 263               		.stabd	46,0,0
  71:List1.c       **** 
  72:List1.c       ****         // Write on serial one byte
  73:List1.c       ****         uint8_t write(uint8_t c){
 264               		.stabn	68,0,73,.LM22-.LFBB5
 265               	.LM22:
 266               	.LFBB5:
 267               	/* prologue: function */
GAS LISTING /tmp/ccMDZrBb.s 			page 7


 268               	/* frame size = 0 */
 269               	/* stack size = 0 */
 270               	.L__stack_usage = 0
  74:List1.c       ****             uint8_t rc = 0;
  75:List1.c       **** 
  76:List1.c       ****             cli();
 271               		.stabn	68,0,76,.LM23-.LFBB5
 272               	.LM23:
 273               	/* #APP */
 274               	 ;  76 "List1.c" 1
 275 005a F894      		cli
 276               	 ;  0 "" 2
  77:List1.c       ****             if (!usart_transmitting) {
 277               		.stabn	68,0,77,.LM24-.LFBB5
 278               	.LM24:
 279               	/* #NOAPP */
 280 005c 9091 0000 		lds r25,usart_transmitting
 281 0060 9111      		cpse r25,__zero_reg__
 282 0062 00C0      		rjmp .L12
  78:List1.c       ****                 UDR0 = c;
 283               		.stabn	68,0,78,.LM25-.LFBB5
 284               	.LM25:
 285 0064 8093 C600 		sts 198,r24
  79:List1.c       ****                 UCSR0B |= (1 << UDRIE0);
 286               		.stabn	68,0,79,.LM26-.LFBB5
 287               	.LM26:
 288 0068 8091 C100 		lds r24,193
 289 006c 8062      		ori r24,lo8(32)
 290 006e 8093 C100 		sts 193,r24
  80:List1.c       ****                 usart_transmitting = 1;
 291               		.stabn	68,0,80,.LM27-.LFBB5
 292               	.LM27:
 293 0072 81E0      		ldi r24,lo8(1)
 294 0074 8093 0000 		sts usart_transmitting,r24
 295 0078 00C0      		rjmp .L16
 296               	.L12:
 297               	.LBB6:
  81:List1.c       ****             } else {
  82:List1.c       ****                 uint8_t next = tx_head + 1;
 298               		.stabn	68,0,82,.LM28-.LFBB5
 299               	.LM28:
 300 007a E091 0000 		lds r30,tx_head
 301 007e 91E0      		ldi r25,lo8(1)
 302 0080 9E0F      		add r25,r30
  83:List1.c       ****                 if (next >= BUFFER_SIZE)
 303               		.stabn	68,0,83,.LM29-.LFBB5
 304               	.LM29:
 305 0082 983C      		cpi r25,lo8(-56)
 306 0084 00F0      		brlo .L14
  84:List1.c       ****                     next = 0;
 307               		.stabn	68,0,84,.LM30-.LFBB5
 308               	.LM30:
 309 0086 90E0      		ldi r25,0
 310               	.L14:
  85:List1.c       ****                 if (next != tx_tail) {
 311               		.stabn	68,0,85,.LM31-.LFBB5
 312               	.LM31:
GAS LISTING /tmp/ccMDZrBb.s 			page 8


 313 0088 2091 0000 		lds r18,tx_tail
 314 008c 9217      		cp r25,r18
 315 008e 01F0      		breq .L15
  86:List1.c       ****                     tx_buffer[tx_head] = c;
 316               		.stabn	68,0,86,.LM32-.LFBB5
 317               	.LM32:
 318 0090 F0E0      		ldi r31,0
 319 0092 E050      		subi r30,lo8(-(tx_buffer))
 320 0094 F040      		sbci r31,hi8(-(tx_buffer))
 321 0096 8083      		st Z,r24
  87:List1.c       ****                     tx_head = next;
 322               		.stabn	68,0,87,.LM33-.LFBB5
 323               	.LM33:
 324 0098 9093 0000 		sts tx_head,r25
 325               	.L16:
 326               	.LBE6:
  74:List1.c       **** 
 327               		.stabn	68,0,74,.LM34-.LFBB5
 328               	.LM34:
 329 009c 80E0      		ldi r24,0
 330               	.LBB7:
 331 009e 00C0      		rjmp .L13
 332               	.L15:
  88:List1.c       ****                 } else  /* buffer cheio */
  89:List1.c       ****                     rc = 1;
 333               		.stabn	68,0,89,.LM35-.LFBB5
 334               	.LM35:
 335 00a0 81E0      		ldi r24,lo8(1)
 336               	.L13:
 337               	.LBE7:
  90:List1.c       ****             }
  91:List1.c       ****             sei();
 338               		.stabn	68,0,91,.LM36-.LFBB5
 339               	.LM36:
 340               	/* #APP */
 341               	 ;  91 "List1.c" 1
 342 00a2 7894      		sei
 343               	 ;  0 "" 2
  92:List1.c       ****             return rc;
  93:List1.c       ****         }
 344               		.stabn	68,0,93,.LM37-.LFBB5
 345               	.LM37:
 346               	/* #NOAPP */
 347 00a4 0895      		ret
 348               		.size	write, .-write
 349               		.stabs	"rc:r(5,2)",64,0,74,24
 350               		.stabn	192,0,0,.LFBB5-.LFBB5
 351               		.stabs	"next:r(5,2)",64,0,82,25
 352               		.stabn	192,0,0,.LBB6-.LFBB5
 353               		.stabn	224,0,0,.LBE6-.LFBB5
 354               		.stabs	"next:r(5,2)",64,0,82,25
 355               		.stabn	192,0,0,.LBB7-.LFBB5
 356               		.stabn	224,0,0,.LBE7-.LFBB5
 357               		.stabn	224,0,0,.Lscope5-.LFBB5
 358               	.Lscope5:
 359               		.stabs	"",36,0,0,.Lscope5-.LFBB5
 360               		.stabd	78,0,0
GAS LISTING /tmp/ccMDZrBb.s 			page 9


 361               		.stabs	"__vector_18:F(0,47)",36,0,99,__vector_18
 362               	.global	__vector_18
 363               		.type	__vector_18, @function
 364               	__vector_18:
 365               		.stabd	46,0,0
  94:List1.c       ****     //***********************************//
  95:List1.c       ****     
  96:List1.c       ****     //***********************************//
  97:List1.c       ****     // Interruptons    
  98:List1.c       ****         // Interruption of RX 
  99:List1.c       ****         ISR(USART_RX_vect){
 366               		.stabn	68,0,99,.LM38-.LFBB6
 367               	.LM38:
 368               	.LFBB6:
 369 00a6 1F92      		push r1
 370 00a8 0F92      		push r0
 371 00aa 0FB6      		in r0,__SREG__
 372 00ac 0F92      		push r0
 373 00ae 1124      		clr __zero_reg__
 374 00b0 8F93      		push r24
 375               	/* prologue: Signal */
 376               	/* frame size = 0 */
 377               	/* stack size = 4 */
 378               	.L__stack_usage = 4
 100:List1.c       ****             // unsigned char data = UDR0; // Recived data
 101:List1.c       ****             // Start the Infrared sensor
 102:List1.c       ****             if(UDR0 == 's'){
 379               		.stabn	68,0,102,.LM39-.LFBB6
 380               	.LM39:
 381 00b2 8091 C600 		lds r24,198
 382 00b6 8337      		cpi r24,lo8(115)
 383 00b8 01F4      		brne .L17
 103:List1.c       ****                 PORTB |= (1 << PB0);  // Trigger to HIGH   
 384               		.stabn	68,0,103,.LM40-.LFBB6
 385               	.LM40:
 386 00ba 289A      		sbi 0x5,0
 387               	.LBB8:
 388               	.LBB9:
 389               		.stabs	"/usr/lib/avr/include/util/delay.h",132,0,0,.Ltext1
 390               	.Ltext1:
   1:/usr/lib/avr/include/util/delay.h **** /* Copyright (c) 2002, Marek Michalkiewicz
   2:/usr/lib/avr/include/util/delay.h ****    Copyright (c) 2004,2005,2007 Joerg Wunsch
   3:/usr/lib/avr/include/util/delay.h ****    Copyright (c) 2007  Florin-Viorel Petrov
   4:/usr/lib/avr/include/util/delay.h ****    All rights reserved.
   5:/usr/lib/avr/include/util/delay.h **** 
   6:/usr/lib/avr/include/util/delay.h ****    Redistribution and use in source and binary forms, with or without
   7:/usr/lib/avr/include/util/delay.h ****    modification, are permitted provided that the following conditions are met:
   8:/usr/lib/avr/include/util/delay.h **** 
   9:/usr/lib/avr/include/util/delay.h ****    * Redistributions of source code must retain the above copyright
  10:/usr/lib/avr/include/util/delay.h ****      notice, this list of conditions and the following disclaimer.
  11:/usr/lib/avr/include/util/delay.h **** 
  12:/usr/lib/avr/include/util/delay.h ****    * Redistributions in binary form must reproduce the above copyright
  13:/usr/lib/avr/include/util/delay.h ****      notice, this list of conditions and the following disclaimer in
  14:/usr/lib/avr/include/util/delay.h ****      the documentation and/or other materials provided with the
  15:/usr/lib/avr/include/util/delay.h ****      distribution.
  16:/usr/lib/avr/include/util/delay.h **** 
  17:/usr/lib/avr/include/util/delay.h ****    * Neither the name of the copyright holders nor the names of
GAS LISTING /tmp/ccMDZrBb.s 			page 10


  18:/usr/lib/avr/include/util/delay.h ****      contributors may be used to endorse or promote products derived
  19:/usr/lib/avr/include/util/delay.h ****      from this software without specific prior written permission.
  20:/usr/lib/avr/include/util/delay.h **** 
  21:/usr/lib/avr/include/util/delay.h ****   THIS SOFTWARE IS PROVIDED BY THE COPYRIGHT HOLDERS AND CONTRIBUTORS "AS IS"
  22:/usr/lib/avr/include/util/delay.h ****   AND ANY EXPRESS OR IMPLIED WARRANTIES, INCLUDING, BUT NOT LIMITED TO, THE
  23:/usr/lib/avr/include/util/delay.h ****   IMPLIED WARRANTIES OF MERCHANTABILITY AND FITNESS FOR A PARTICULAR PURPOSE
  24:/usr/lib/avr/include/util/delay.h ****   ARE DISCLAIMED. IN NO EVENT SHALL THE COPYRIGHT OWNER OR CONTRIBUTORS BE
  25:/usr/lib/avr/include/util/delay.h ****   LIABLE FOR ANY DIRECT, INDIRECT, INCIDENTAL, SPECIAL, EXEMPLARY, OR
  26:/usr/lib/avr/include/util/delay.h ****   CONSEQUENTIAL DAMAGES (INCLUDING, BUT NOT LIMITED TO, PROCUREMENT OF
  27:/usr/lib/avr/include/util/delay.h ****   SUBSTITUTE GOODS OR SERVICES; LOSS OF USE, DATA, OR PROFITS; OR BUSINESS
  28:/usr/lib/avr/include/util/delay.h ****   INTERRUPTION) HOWEVER CAUSED AND ON ANY THEORY OF LIABILITY, WHETHER IN
  29:/usr/lib/avr/include/util/delay.h ****   CONTRACT, STRICT LIABILITY, OR TORT (INCLUDING NEGLIGENCE OR OTHERWISE)
  30:/usr/lib/avr/include/util/delay.h ****   ARISING IN ANY WAY OUT OF THE USE OF THIS SOFTWARE, EVEN IF ADVISED OF THE
  31:/usr/lib/avr/include/util/delay.h ****   POSSIBILITY OF SUCH DAMAGE. */
  32:/usr/lib/avr/include/util/delay.h **** 
  33:/usr/lib/avr/include/util/delay.h **** /* $Id$ */
  34:/usr/lib/avr/include/util/delay.h **** 
  35:/usr/lib/avr/include/util/delay.h **** #ifndef _UTIL_DELAY_H_
  36:/usr/lib/avr/include/util/delay.h **** #define _UTIL_DELAY_H_ 1
  37:/usr/lib/avr/include/util/delay.h **** 
  38:/usr/lib/avr/include/util/delay.h **** #ifndef __HAS_DELAY_CYCLES
  39:/usr/lib/avr/include/util/delay.h **** #define __HAS_DELAY_CYCLES 1
  40:/usr/lib/avr/include/util/delay.h **** #endif
  41:/usr/lib/avr/include/util/delay.h **** 
  42:/usr/lib/avr/include/util/delay.h **** #include <inttypes.h>
  43:/usr/lib/avr/include/util/delay.h **** #include <util/delay_basic.h>
  44:/usr/lib/avr/include/util/delay.h **** #include <math.h>
  45:/usr/lib/avr/include/util/delay.h **** 
  46:/usr/lib/avr/include/util/delay.h **** /** \file */
  47:/usr/lib/avr/include/util/delay.h **** /** \defgroup util_delay <util/delay.h>: Convenience functions for busy-wait delay loops
  48:/usr/lib/avr/include/util/delay.h ****     \code
  49:/usr/lib/avr/include/util/delay.h ****     #define F_CPU 1000000UL  // 1 MHz
  50:/usr/lib/avr/include/util/delay.h ****     //#define F_CPU 14.7456E6
  51:/usr/lib/avr/include/util/delay.h ****     #include <util/delay.h>
  52:/usr/lib/avr/include/util/delay.h ****     \endcode
  53:/usr/lib/avr/include/util/delay.h **** 
  54:/usr/lib/avr/include/util/delay.h ****     \note As an alternative method, it is possible to pass the
  55:/usr/lib/avr/include/util/delay.h ****     F_CPU macro down to the compiler from the Makefile.
  56:/usr/lib/avr/include/util/delay.h ****     Obviously, in that case, no \c \#define statement should be
  57:/usr/lib/avr/include/util/delay.h ****     used.
  58:/usr/lib/avr/include/util/delay.h **** 
  59:/usr/lib/avr/include/util/delay.h ****     The functions in this header file are wrappers around the basic
  60:/usr/lib/avr/include/util/delay.h ****     busy-wait functions from <util/delay_basic.h>.  They are meant as
  61:/usr/lib/avr/include/util/delay.h ****     convenience functions where actual time values can be specified
  62:/usr/lib/avr/include/util/delay.h ****     rather than a number of cycles to wait for.  The idea behind is
  63:/usr/lib/avr/include/util/delay.h ****     that compile-time constant expressions will be eliminated by
  64:/usr/lib/avr/include/util/delay.h ****     compiler optimization so floating-point expressions can be used
  65:/usr/lib/avr/include/util/delay.h ****     to calculate the number of delay cycles needed based on the CPU
  66:/usr/lib/avr/include/util/delay.h ****     frequency passed by the macro F_CPU.
  67:/usr/lib/avr/include/util/delay.h **** 
  68:/usr/lib/avr/include/util/delay.h ****     \note In order for these functions to work as intended, compiler
  69:/usr/lib/avr/include/util/delay.h ****     optimizations <em>must</em> be enabled, and the delay time
  70:/usr/lib/avr/include/util/delay.h ****     <em>must</em> be an expression that is a known constant at
  71:/usr/lib/avr/include/util/delay.h ****     compile-time.  If these requirements are not met, the resulting
  72:/usr/lib/avr/include/util/delay.h ****     delay will be much longer (and basically unpredictable), and
  73:/usr/lib/avr/include/util/delay.h ****     applications that otherwise do not use floating-point calculations
  74:/usr/lib/avr/include/util/delay.h ****     will experience severe code bloat by the floating-point library
GAS LISTING /tmp/ccMDZrBb.s 			page 11


  75:/usr/lib/avr/include/util/delay.h ****     routines linked into the application.
  76:/usr/lib/avr/include/util/delay.h **** 
  77:/usr/lib/avr/include/util/delay.h ****     The functions available allow the specification of microsecond, and
  78:/usr/lib/avr/include/util/delay.h ****     millisecond delays directly, using the application-supplied macro
  79:/usr/lib/avr/include/util/delay.h ****     F_CPU as the CPU clock frequency (in Hertz).
  80:/usr/lib/avr/include/util/delay.h **** 
  81:/usr/lib/avr/include/util/delay.h **** */
  82:/usr/lib/avr/include/util/delay.h **** 
  83:/usr/lib/avr/include/util/delay.h **** #if !defined(__DOXYGEN__)
  84:/usr/lib/avr/include/util/delay.h **** static inline void _delay_us(double __us) __attribute__((always_inline));
  85:/usr/lib/avr/include/util/delay.h **** static inline void _delay_ms(double __ms) __attribute__((always_inline));
  86:/usr/lib/avr/include/util/delay.h **** #endif
  87:/usr/lib/avr/include/util/delay.h **** 
  88:/usr/lib/avr/include/util/delay.h **** #ifndef F_CPU
  89:/usr/lib/avr/include/util/delay.h **** /* prevent compiler error by supplying a default */
  90:/usr/lib/avr/include/util/delay.h **** # warning "F_CPU not defined for <util/delay.h>"
  91:/usr/lib/avr/include/util/delay.h **** # define F_CPU 1000000UL
  92:/usr/lib/avr/include/util/delay.h **** #endif
  93:/usr/lib/avr/include/util/delay.h **** 
  94:/usr/lib/avr/include/util/delay.h **** #ifndef __OPTIMIZE__
  95:/usr/lib/avr/include/util/delay.h **** # warning "Compiler optimizations disabled; functions from <util/delay.h> won't work as designed"
  96:/usr/lib/avr/include/util/delay.h **** #endif
  97:/usr/lib/avr/include/util/delay.h **** 
  98:/usr/lib/avr/include/util/delay.h **** #if __HAS_DELAY_CYCLES && defined(__OPTIMIZE__) && \
  99:/usr/lib/avr/include/util/delay.h ****   !defined(__DELAY_BACKWARD_COMPATIBLE__) &&	   \
 100:/usr/lib/avr/include/util/delay.h ****   __STDC_HOSTED__
 101:/usr/lib/avr/include/util/delay.h **** #  include <math.h>
 102:/usr/lib/avr/include/util/delay.h **** #endif
 103:/usr/lib/avr/include/util/delay.h **** 
 104:/usr/lib/avr/include/util/delay.h **** /**
 105:/usr/lib/avr/include/util/delay.h ****    \ingroup util_delay
 106:/usr/lib/avr/include/util/delay.h **** 
 107:/usr/lib/avr/include/util/delay.h ****    Perform a delay of \c __ms milliseconds, using _delay_loop_2().
 108:/usr/lib/avr/include/util/delay.h **** 
 109:/usr/lib/avr/include/util/delay.h ****    The macro F_CPU is supposed to be defined to a
 110:/usr/lib/avr/include/util/delay.h ****    constant defining the CPU clock frequency (in Hertz).
 111:/usr/lib/avr/include/util/delay.h **** 
 112:/usr/lib/avr/include/util/delay.h ****    The maximal possible delay is 262.14 ms / F_CPU in MHz.
 113:/usr/lib/avr/include/util/delay.h **** 
 114:/usr/lib/avr/include/util/delay.h ****    When the user request delay which exceed the maximum possible one,
 115:/usr/lib/avr/include/util/delay.h ****    _delay_ms() provides a decreased resolution functionality. In this
 116:/usr/lib/avr/include/util/delay.h ****    mode _delay_ms() will work with a resolution of 1/10 ms, providing
 117:/usr/lib/avr/include/util/delay.h ****    delays up to 6.5535 seconds (independent from CPU frequency).  The
 118:/usr/lib/avr/include/util/delay.h ****    user will not be informed about decreased resolution.
 119:/usr/lib/avr/include/util/delay.h **** 
 120:/usr/lib/avr/include/util/delay.h ****    If the avr-gcc toolchain has __builtin_avr_delay_cycles(unsigned long)
 121:/usr/lib/avr/include/util/delay.h ****    support, maximal possible delay is 4294967.295 ms/ F_CPU in MHz. For
 122:/usr/lib/avr/include/util/delay.h ****    values greater than the maximal possible delay, overflows results in
 123:/usr/lib/avr/include/util/delay.h ****    no delay i.e., 0ms.
 124:/usr/lib/avr/include/util/delay.h **** 
 125:/usr/lib/avr/include/util/delay.h ****    Conversion of __us into clock cycles may not always result in integer.
 126:/usr/lib/avr/include/util/delay.h ****    By default, the clock cycles rounded up to next integer. This ensures that
 127:/usr/lib/avr/include/util/delay.h ****    the user gets atleast __us microseconds of delay.
 128:/usr/lib/avr/include/util/delay.h **** 
 129:/usr/lib/avr/include/util/delay.h ****    Alternatively, user can define __DELAY_ROUND_DOWN__ and __DELAY_ROUND_CLOSEST__
 130:/usr/lib/avr/include/util/delay.h ****    to round down and round to closest integer.
 131:/usr/lib/avr/include/util/delay.h **** 
GAS LISTING /tmp/ccMDZrBb.s 			page 12


 132:/usr/lib/avr/include/util/delay.h ****    Note: The new implementation of _delay_ms(double __ms) with 
 133:/usr/lib/avr/include/util/delay.h ****     __builtin_avr_delay_cycles(unsigned long) support is not backward compatible. 
 134:/usr/lib/avr/include/util/delay.h ****    User can define __DELAY_BACKWARD_COMPATIBLE__ to get a backward compatible delay.
 135:/usr/lib/avr/include/util/delay.h ****    Also, the backward compatible
 136:/usr/lib/avr/include/util/delay.h ****    algorithm will be chosen if the code is compiled in a <em>freestanding
 137:/usr/lib/avr/include/util/delay.h ****    environment</em> (GCC option \c -ffreestanding), as the math functions
 138:/usr/lib/avr/include/util/delay.h ****    required for rounding are not available to the compiler then.
 139:/usr/lib/avr/include/util/delay.h **** 
 140:/usr/lib/avr/include/util/delay.h ****  */
 141:/usr/lib/avr/include/util/delay.h **** void
 142:/usr/lib/avr/include/util/delay.h **** _delay_ms(double __ms)
 143:/usr/lib/avr/include/util/delay.h **** {
 144:/usr/lib/avr/include/util/delay.h **** 	double __tmp ; 
 145:/usr/lib/avr/include/util/delay.h **** #if __HAS_DELAY_CYCLES && defined(__OPTIMIZE__) && \
 146:/usr/lib/avr/include/util/delay.h ****   !defined(__DELAY_BACKWARD_COMPATIBLE__) &&	   \
 147:/usr/lib/avr/include/util/delay.h ****   __STDC_HOSTED__
 148:/usr/lib/avr/include/util/delay.h **** 	uint32_t __ticks_dc;
 149:/usr/lib/avr/include/util/delay.h **** 	extern void __builtin_avr_delay_cycles(unsigned long);
 150:/usr/lib/avr/include/util/delay.h **** 	__tmp = ((F_CPU) / 1e3) * __ms;
 151:/usr/lib/avr/include/util/delay.h **** 
 152:/usr/lib/avr/include/util/delay.h **** 	#if defined(__DELAY_ROUND_DOWN__)
 153:/usr/lib/avr/include/util/delay.h **** 		__ticks_dc = (uint32_t)fabs(__tmp);
 154:/usr/lib/avr/include/util/delay.h **** 
 155:/usr/lib/avr/include/util/delay.h **** 	#elif defined(__DELAY_ROUND_CLOSEST__)
 156:/usr/lib/avr/include/util/delay.h **** 		__ticks_dc = (uint32_t)(fabs(__tmp)+0.5);
 157:/usr/lib/avr/include/util/delay.h **** 
 158:/usr/lib/avr/include/util/delay.h **** 	#else
 159:/usr/lib/avr/include/util/delay.h **** 		//round up by default
 160:/usr/lib/avr/include/util/delay.h **** 		__ticks_dc = (uint32_t)(ceil(fabs(__tmp)));
 161:/usr/lib/avr/include/util/delay.h **** 	#endif
 162:/usr/lib/avr/include/util/delay.h **** 
 163:/usr/lib/avr/include/util/delay.h **** 	__builtin_avr_delay_cycles(__ticks_dc);
 164:/usr/lib/avr/include/util/delay.h **** 
 165:/usr/lib/avr/include/util/delay.h **** #else
 166:/usr/lib/avr/include/util/delay.h **** 	uint16_t __ticks;
 167:/usr/lib/avr/include/util/delay.h **** 	__tmp = ((F_CPU) / 4e3) * __ms;
 168:/usr/lib/avr/include/util/delay.h **** 	if (__tmp < 1.0)
 169:/usr/lib/avr/include/util/delay.h **** 		__ticks = 1;
 170:/usr/lib/avr/include/util/delay.h **** 	else if (__tmp > 65535)
 171:/usr/lib/avr/include/util/delay.h **** 	{
 172:/usr/lib/avr/include/util/delay.h **** 		//	__ticks = requested delay in 1/10 ms
 173:/usr/lib/avr/include/util/delay.h **** 		__ticks = (uint16_t) (__ms * 10.0);
 174:/usr/lib/avr/include/util/delay.h **** 		while(__ticks)
 175:/usr/lib/avr/include/util/delay.h **** 		{
 176:/usr/lib/avr/include/util/delay.h **** 			// wait 1/10 ms
 177:/usr/lib/avr/include/util/delay.h **** 			_delay_loop_2(((F_CPU) / 4e3) / 10);
 178:/usr/lib/avr/include/util/delay.h **** 			__ticks --;
 179:/usr/lib/avr/include/util/delay.h **** 		}
 180:/usr/lib/avr/include/util/delay.h **** 		return;
 181:/usr/lib/avr/include/util/delay.h **** 	}
 182:/usr/lib/avr/include/util/delay.h **** 	else
 183:/usr/lib/avr/include/util/delay.h **** 		__ticks = (uint16_t)__tmp;
 184:/usr/lib/avr/include/util/delay.h **** 	_delay_loop_2(__ticks);
 185:/usr/lib/avr/include/util/delay.h **** #endif
 186:/usr/lib/avr/include/util/delay.h **** }
 187:/usr/lib/avr/include/util/delay.h **** 
 188:/usr/lib/avr/include/util/delay.h **** /**
GAS LISTING /tmp/ccMDZrBb.s 			page 13


 189:/usr/lib/avr/include/util/delay.h ****    \ingroup util_delay
 190:/usr/lib/avr/include/util/delay.h **** 
 191:/usr/lib/avr/include/util/delay.h ****    Perform a delay of \c __us microseconds, using _delay_loop_1().
 192:/usr/lib/avr/include/util/delay.h **** 
 193:/usr/lib/avr/include/util/delay.h ****    The macro F_CPU is supposed to be defined to a
 194:/usr/lib/avr/include/util/delay.h ****    constant defining the CPU clock frequency (in Hertz).
 195:/usr/lib/avr/include/util/delay.h **** 
 196:/usr/lib/avr/include/util/delay.h ****    The maximal possible delay is 768 us / F_CPU in MHz.
 197:/usr/lib/avr/include/util/delay.h **** 
 198:/usr/lib/avr/include/util/delay.h ****    If the user requests a delay greater than the maximal possible one,
 199:/usr/lib/avr/include/util/delay.h ****    _delay_us() will automatically call _delay_ms() instead.  The user
 200:/usr/lib/avr/include/util/delay.h ****    will not be informed about this case.
 201:/usr/lib/avr/include/util/delay.h **** 
 202:/usr/lib/avr/include/util/delay.h ****    If the avr-gcc toolchain has __builtin_avr_delay_cycles(unsigned long)
 203:/usr/lib/avr/include/util/delay.h ****    support, maximal possible delay is 4294967.295 us/ F_CPU in MHz. For
 204:/usr/lib/avr/include/util/delay.h ****    values greater than the maximal possible delay, overflow results in
 205:/usr/lib/avr/include/util/delay.h ****    no delay i.e., 0us.
 206:/usr/lib/avr/include/util/delay.h ****   
 207:/usr/lib/avr/include/util/delay.h ****    Conversion of __us into clock cycles may not always result in integer.
 208:/usr/lib/avr/include/util/delay.h ****    By default, the clock cycles rounded up to next integer. This ensures that
 209:/usr/lib/avr/include/util/delay.h ****    the user gets atleast __us microseconds of delay.
 210:/usr/lib/avr/include/util/delay.h **** 
 211:/usr/lib/avr/include/util/delay.h ****    Alternatively, user can define __DELAY_ROUND_DOWN__ and __DELAY_ROUND_CLOSEST__
 212:/usr/lib/avr/include/util/delay.h ****    to round down and round to closest integer.
 213:/usr/lib/avr/include/util/delay.h ****  
 214:/usr/lib/avr/include/util/delay.h ****    Note: The new implementation of _delay_us(double __us) with 
 215:/usr/lib/avr/include/util/delay.h ****     __builtin_avr_delay_cycles(unsigned long) support is not backward compatible.
 216:/usr/lib/avr/include/util/delay.h ****    User can define __DELAY_BACKWARD_COMPATIBLE__ to get a backward compatible delay.
 217:/usr/lib/avr/include/util/delay.h ****    Also, the backward compatible
 218:/usr/lib/avr/include/util/delay.h ****    algorithm will be chosen if the code is compiled in a <em>freestanding
 219:/usr/lib/avr/include/util/delay.h ****    environment</em> (GCC option \c -ffreestanding), as the math functions
 220:/usr/lib/avr/include/util/delay.h ****    required for rounding are not available to the compiler then.
 221:/usr/lib/avr/include/util/delay.h **** 
 222:/usr/lib/avr/include/util/delay.h ****  */
 223:/usr/lib/avr/include/util/delay.h **** void
 224:/usr/lib/avr/include/util/delay.h **** _delay_us(double __us)
 225:/usr/lib/avr/include/util/delay.h **** {
 226:/usr/lib/avr/include/util/delay.h **** 	double __tmp ; 
 227:/usr/lib/avr/include/util/delay.h **** #if __HAS_DELAY_CYCLES && defined(__OPTIMIZE__) && \
 228:/usr/lib/avr/include/util/delay.h ****   !defined(__DELAY_BACKWARD_COMPATIBLE__) &&	   \
 229:/usr/lib/avr/include/util/delay.h ****   __STDC_HOSTED__
 230:/usr/lib/avr/include/util/delay.h **** 	uint32_t __ticks_dc;
 231:/usr/lib/avr/include/util/delay.h **** 	extern void __builtin_avr_delay_cycles(unsigned long);
 232:/usr/lib/avr/include/util/delay.h **** 	__tmp = ((F_CPU) / 1e6) * __us;
 233:/usr/lib/avr/include/util/delay.h **** 
 234:/usr/lib/avr/include/util/delay.h **** 	#if defined(__DELAY_ROUND_DOWN__)
 235:/usr/lib/avr/include/util/delay.h **** 		__ticks_dc = (uint32_t)fabs(__tmp);
 236:/usr/lib/avr/include/util/delay.h **** 
 237:/usr/lib/avr/include/util/delay.h **** 	#elif defined(__DELAY_ROUND_CLOSEST__)
 238:/usr/lib/avr/include/util/delay.h **** 		__ticks_dc = (uint32_t)(fabs(__tmp)+0.5);
 239:/usr/lib/avr/include/util/delay.h **** 
 240:/usr/lib/avr/include/util/delay.h **** 	#else
 241:/usr/lib/avr/include/util/delay.h **** 		//round up by default
 242:/usr/lib/avr/include/util/delay.h **** 		__ticks_dc = (uint32_t)(ceil(fabs(__tmp)));
 243:/usr/lib/avr/include/util/delay.h **** 	#endif
 244:/usr/lib/avr/include/util/delay.h **** 
 245:/usr/lib/avr/include/util/delay.h **** 	__builtin_avr_delay_cycles(__ticks_dc);
GAS LISTING /tmp/ccMDZrBb.s 			page 14


 391               		.stabn	68,0,245,.LM41-.LFBB6
 392               	.LM41:
 393 00bc 85E3      		ldi r24,lo8(53)
 394 00be 8A95      	1:	dec r24
 395 00c0 01F4      		brne 1b
 396 00c2 0000      		nop
 397               	.LBE9:
 398               	.LBE8:
 399               		.stabs	"List1.c",132,0,0,.Ltext2
 400               	.Ltext2:
 104:List1.c       ****                 _delay_us(10);
 105:List1.c       ****                 PORTB &= ~(1 << PB0);  // Trigger to LOW   
 401               		.stabn	68,0,105,.LM42-.LFBB6
 402               	.LM42:
 403 00c4 2898      		cbi 0x5,0
 404               	.L17:
 405               	/* epilogue start */
 106:List1.c       ****             }
 107:List1.c       ****             
 108:List1.c       ****         }
 406               		.stabn	68,0,108,.LM43-.LFBB6
 407               	.LM43:
 408 00c6 8F91      		pop r24
 409 00c8 0F90      		pop r0
 410 00ca 0FBE      		out __SREG__,r0
 411 00cc 0F90      		pop r0
 412 00ce 1F90      		pop r1
 413 00d0 1895      		reti
 414               		.size	__vector_18, .-__vector_18
 415               	.Lscope6:
 416               		.stabs	"",36,0,0,.Lscope6-.LFBB6
 417               		.stabd	78,0,0
 418               		.stabs	"__vector_19:F(0,47)",36,0,110,__vector_19
 419               	.global	__vector_19
 420               		.type	__vector_19, @function
 421               	__vector_19:
 422               		.stabd	46,0,0
 109:List1.c       ****         // Interrupton of TX
 110:List1.c       ****         ISR(USART_UDRE_vect){
 423               		.stabn	68,0,110,.LM44-.LFBB7
 424               	.LM44:
 425               	.LFBB7:
 426 00d2 1F92      		push r1
 427 00d4 0F92      		push r0
 428 00d6 0FB6      		in r0,__SREG__
 429 00d8 0F92      		push r0
 430 00da 1124      		clr __zero_reg__
 431 00dc 2F93      		push r18
 432 00de 3F93      		push r19
 433 00e0 4F93      		push r20
 434 00e2 5F93      		push r21
 435 00e4 6F93      		push r22
 436 00e6 7F93      		push r23
 437 00e8 8F93      		push r24
 438 00ea 9F93      		push r25
 439 00ec AF93      		push r26
 440 00ee BF93      		push r27
GAS LISTING /tmp/ccMDZrBb.s 			page 15


 441 00f0 EF93      		push r30
 442 00f2 FF93      		push r31
 443               	/* prologue: Signal */
 444               	/* frame size = 0 */
 445               	/* stack size = 15 */
 446               	.L__stack_usage = 15
 111:List1.c       ****             cli();//Disables all interrupts by clearing the global interrupt mask.
 447               		.stabn	68,0,111,.LM45-.LFBB7
 448               	.LM45:
 449               	/* #APP */
 450               	 ;  111 "List1.c" 1
 451 00f4 F894      		cli
 452               	 ;  0 "" 2
 112:List1.c       ****             flag = 0; // Desables the the flag to send a message
 453               		.stabn	68,0,112,.LM46-.LFBB7
 454               	.LM46:
 455               	/* #NOAPP */
 456 00f6 1092 0000 		sts flag,__zero_reg__
 113:List1.c       ****             delay_ms(10);
 457               		.stabn	68,0,113,.LM47-.LFBB7
 458               	.LM47:
 459 00fa 8AE0      		ldi r24,lo8(10)
 460 00fc 90E0      		ldi r25,0
 461 00fe 0E94 0000 		call delay_ms
 114:List1.c       ****             sei(); //Enables interrupts by setting the global interrupt mask
 462               		.stabn	68,0,114,.LM48-.LFBB7
 463               	.LM48:
 464               	/* #APP */
 465               	 ;  114 "List1.c" 1
 466 0102 7894      		sei
 467               	 ;  0 "" 2
 468               	/* epilogue start */
 115:List1.c       **** 
 116:List1.c       ****         }        
 469               		.stabn	68,0,116,.LM49-.LFBB7
 470               	.LM49:
 471               	/* #NOAPP */
 472 0104 FF91      		pop r31
 473 0106 EF91      		pop r30
 474 0108 BF91      		pop r27
 475 010a AF91      		pop r26
 476 010c 9F91      		pop r25
 477 010e 8F91      		pop r24
 478 0110 7F91      		pop r23
 479 0112 6F91      		pop r22
 480 0114 5F91      		pop r21
 481 0116 4F91      		pop r20
 482 0118 3F91      		pop r19
 483 011a 2F91      		pop r18
 484 011c 0F90      		pop r0
 485 011e 0FBE      		out __SREG__,r0
 486 0120 0F90      		pop r0
 487 0122 1F90      		pop r1
 488 0124 1895      		reti
 489               		.size	__vector_19, .-__vector_19
 490               	.Lscope7:
 491               		.stabs	"",36,0,0,.Lscope7-.LFBB7
GAS LISTING /tmp/ccMDZrBb.s 			page 16


 492               		.stabd	78,0,0
 493               		.stabs	"__vector_1:F(0,47)",36,0,118,__vector_1
 494               	.global	__vector_1
 495               		.type	__vector_1, @function
 496               	__vector_1:
 497               		.stabd	46,0,0
 117:List1.c       ****         // Interruption of INT0 
 118:List1.c       ****         ISR(INT0_vect){
 498               		.stabn	68,0,118,.LM50-.LFBB8
 499               	.LM50:
 500               	.LFBB8:
 501 0126 1F92      		push r1
 502 0128 0F92      		push r0
 503 012a 0FB6      		in r0,__SREG__
 504 012c 0F92      		push r0
 505 012e 1124      		clr __zero_reg__
 506 0130 2F93      		push r18
 507 0132 3F93      		push r19
 508 0134 4F93      		push r20
 509 0136 5F93      		push r21
 510 0138 6F93      		push r22
 511 013a 7F93      		push r23
 512 013c 8F93      		push r24
 513 013e 9F93      		push r25
 514 0140 AF93      		push r26
 515 0142 BF93      		push r27
 516 0144 EF93      		push r30
 517 0146 FF93      		push r31
 518               	/* prologue: Signal */
 519               	/* frame size = 0 */
 520               	/* stack size = 15 */
 521               	.L__stack_usage = 15
 119:List1.c       ****             
 120:List1.c       ****             cli(); //Disables all interrupts by clearing the global interrupt mask.
 522               		.stabn	68,0,120,.LM51-.LFBB8
 523               	.LM51:
 524               	/* #APP */
 525               	 ;  120 "List1.c" 1
 526 0148 F894      		cli
 527               	 ;  0 "" 2
 121:List1.c       ****             flag = 1; // Enables the the flag to send a message
 528               		.stabn	68,0,121,.LM52-.LFBB8
 529               	.LM52:
 530               	/* #NOAPP */
 531 014a 81E0      		ldi r24,lo8(1)
 532 014c 8093 0000 		sts flag,r24
 122:List1.c       ****             delay_ms(10); 
 533               		.stabn	68,0,122,.LM53-.LFBB8
 534               	.LM53:
 535 0150 8AE0      		ldi r24,lo8(10)
 536 0152 90E0      		ldi r25,0
 537 0154 0E94 0000 		call delay_ms
 123:List1.c       ****             sei(); //Enables interrupts by setting the global interrupt mask
 538               		.stabn	68,0,123,.LM54-.LFBB8
 539               	.LM54:
 540               	/* #APP */
 541               	 ;  123 "List1.c" 1
GAS LISTING /tmp/ccMDZrBb.s 			page 17


 542 0158 7894      		sei
 543               	 ;  0 "" 2
 544               	/* epilogue start */
 124:List1.c       ****             
 125:List1.c       ****         }
 545               		.stabn	68,0,125,.LM55-.LFBB8
 546               	.LM55:
 547               	/* #NOAPP */
 548 015a FF91      		pop r31
 549 015c EF91      		pop r30
 550 015e BF91      		pop r27
 551 0160 AF91      		pop r26
 552 0162 9F91      		pop r25
 553 0164 8F91      		pop r24
 554 0166 7F91      		pop r23
 555 0168 6F91      		pop r22
 556 016a 5F91      		pop r21
 557 016c 4F91      		pop r20
 558 016e 3F91      		pop r19
 559 0170 2F91      		pop r18
 560 0172 0F90      		pop r0
 561 0174 0FBE      		out __SREG__,r0
 562 0176 0F90      		pop r0
 563 0178 1F90      		pop r1
 564 017a 1895      		reti
 565               		.size	__vector_1, .-__vector_1
 566               	.Lscope8:
 567               		.stabs	"",36,0,0,.Lscope8-.LFBB8
 568               		.stabd	78,0,0
 569               		.section	.text.startup,"ax",@progbits
 570               		.stabs	"main:F(0,1)",36,0,132,main
 571               	.global	main
 572               		.type	main, @function
 573               	main:
 574               		.stabd	46,0,0
 126:List1.c       ****        
 127:List1.c       ****     //***********************************//
 128:List1.c       **** //***********************************//
 129:List1.c       **** 
 130:List1.c       **** //***********************************//
 131:List1.c       **** // Main 
 132:List1.c       ****     int main(void){
 575               		.stabn	68,0,132,.LM56-.LFBB9
 576               	.LM56:
 577               	.LFBB9:
 578               	/* prologue: function */
 579               	/* frame size = 0 */
 580               	/* stack size = 0 */
 581               	.L__stack_usage = 0
 133:List1.c       **** 
 134:List1.c       ****         usartInit(); // Initialaze the Uart parameters
 582               		.stabn	68,0,134,.LM57-.LFBB9
 583               	.LM57:
 584 0000 0E94 0000 		call usartInit
 135:List1.c       ****         interruptInit(); // Initialize the Interruptions parameters
 585               		.stabn	68,0,135,.LM58-.LFBB9
 586               	.LM58:
GAS LISTING /tmp/ccMDZrBb.s 			page 18


 587 0004 0E94 0000 		call interruptInit
 136:List1.c       ****         systemInit(); // Initializer the System parameters
 588               		.stabn	68,0,136,.LM59-.LFBB9
 589               	.LM59:
 590 0008 0E94 0000 		call systemInit
 591               	.L22:
 592               	.LBB10:
 593               	.LBB11:
 594               		.stabs	"/usr/lib/avr/include/util/delay.h",132,0,0,.Ltext3
 595               	.Ltext3:
 163:/usr/lib/avr/include/util/delay.h **** 
 596               		.stabn	68,0,163,.LM60-.LFBB9
 597               	.LM60:
 598 000c 2FEF      		ldi r18,lo8(319999)
 599 000e 81EE      		ldi r24,hi8(319999)
 600 0010 94E0      		ldi r25,hlo8(319999)
 601 0012 2150      	1:	subi r18,1
 602 0014 8040      		sbci r24,0
 603 0016 9040      		sbci r25,0
 604 0018 01F4      		brne 1b
 605 001a 00C0      		rjmp .
 606 001c 0000      		nop
 607               	.LBE11:
 608               	.LBE10:
 609               		.stabs	"List1.c",132,0,0,.Ltext4
 610               	.Ltext4:
 137:List1.c       ****         
 138:List1.c       ****         while(1){
 139:List1.c       ****             _delay_ms(100);
 140:List1.c       ****             if(flag){
 611               		.stabn	68,0,140,.LM61-.LFBB9
 612               	.LM61:
 613 001e 8091 0000 		lds r24,flag
 614 0022 8823      		tst r24
 615 0024 01F0      		breq .L22
 141:List1.c       ****                 write(0x48); // Sending 0x48 to the serial
 616               		.stabn	68,0,141,.LM62-.LFBB9
 617               	.LM62:
 618 0026 88E4      		ldi r24,lo8(72)
 619 0028 0E94 0000 		call write
 620 002c 00C0      		rjmp .L22
 621               		.size	main, .-main
 622               	.Lscope9:
 623               		.stabs	"",36,0,0,.Lscope9-.LFBB9
 624               		.stabd	78,0,0
 625               		.comm	usart_transmitting,1,1
 626               		.comm	tx_tail,1,1
 627               		.comm	tx_head,1,1
 628               		.comm	tx_buffer,200,1
 629               		.comm	flag,1,1
 630               		.stabs	"flag:G(0,48)=B(5,2)",32,0,24,0
 631               		.stabs	"tx_buffer:G(0,49)=ar(0,50)=r(0,50);0;0177777;;0;199;(5,2)",32,0,25,0
 632               		.stabs	"tx_head:G(5,2)",32,0,26,0
 633               		.stabs	"tx_tail:G(5,2)",32,0,26,0
 634               		.stabs	"usart_transmitting:G(5,2)",32,0,27,0
 635               		.text
 636               		.stabs	"",100,0,0,.Letext0
GAS LISTING /tmp/ccMDZrBb.s 			page 19


 637               	.Letext0:
 638               		.ident	"GCC: (GNU) 4.9.2"
 639               	.global __do_clear_bss
GAS LISTING /tmp/ccMDZrBb.s 			page 20


DEFINED SYMBOLS
                            *ABS*:0000000000000000 List1.c
     /tmp/ccMDZrBb.s:2      *ABS*:000000000000003e __SP_H__
     /tmp/ccMDZrBb.s:3      *ABS*:000000000000003d __SP_L__
     /tmp/ccMDZrBb.s:4      *ABS*:000000000000003f __SREG__
     /tmp/ccMDZrBb.s:5      *ABS*:0000000000000000 __tmp_reg__
     /tmp/ccMDZrBb.s:6      *ABS*:0000000000000001 __zero_reg__
     /tmp/ccMDZrBb.s:105    .text:0000000000000000 usartInit
     /tmp/ccMDZrBb.s:149    .text:0000000000000026 interruptInit
     /tmp/ccMDZrBb.s:183    .text:0000000000000036 systemInit
     /tmp/ccMDZrBb.s:207    .text:000000000000003c delay_ms
     /tmp/ccMDZrBb.s:262    .text:000000000000005a write
                            *COM*:0000000000000001 usart_transmitting
                            *COM*:0000000000000001 tx_head
                            *COM*:0000000000000001 tx_tail
                            *COM*:00000000000000c8 tx_buffer
     /tmp/ccMDZrBb.s:364    .text:00000000000000a6 __vector_18
     /tmp/ccMDZrBb.s:421    .text:00000000000000d2 __vector_19
                            *COM*:0000000000000001 flag
     /tmp/ccMDZrBb.s:496    .text:0000000000000126 __vector_1
     /tmp/ccMDZrBb.s:573    .text.startup:0000000000000000 main

UNDEFINED SYMBOLS
__do_clear_bss
