GAS LISTING /tmp/ccSWxXGe.s 			page 1


   1               		.file	"usart.c"
   2               	__SP_H__ = 0x3e
   3               	__SP_L__ = 0x3d
   4               	__SREG__ = 0x3f
   5               	__tmp_reg__ = 0
   6               	__zero_reg__ = 1
   7               		.stabs	"/home/geraldobraz/Documentos/UFPE/embedded-systems/rtos/Class_3/",100,0,2,.Ltext0
   8               		.stabs	"usart.c",100,0,2,.Ltext0
   9               		.text
  10               	.Ltext0:
  11               		.stabs	"gcc2_compiled.",60,0,0,0
  12               		.stabs	"int:t(0,1)=r(0,1);-32768;32767;",128,0,0,0
  13               		.stabs	"char:t(0,2)=@s8;r(0,2);0;255;",128,0,0,0
  14               		.stabs	"long int:t(0,3)=@s32;r(0,3);020000000000;017777777777;",128,0,0,0
  15               		.stabs	"unsigned int:t(0,4)=r(0,4);0;0177777;",128,0,0,0
  16               		.stabs	"long unsigned int:t(0,5)=@s32;r(0,5);0;037777777777;",128,0,0,0
  17               		.stabs	"long long int:t(0,6)=@s64;r(0,6);01000000000000000000000;0777777777777777777777;",128,0,0,
  18               		.stabs	"long long unsigned int:t(0,7)=@s64;r(0,7);0;01777777777777777777777;",128,0,0,0
  19               		.stabs	"short int:t(0,8)=r(0,8);-32768;32767;",128,0,0,0
  20               		.stabs	"short unsigned int:t(0,9)=r(0,9);0;0177777;",128,0,0,0
  21               		.stabs	"signed char:t(0,10)=@s8;r(0,10);-128;127;",128,0,0,0
  22               		.stabs	"unsigned char:t(0,11)=@s8;r(0,11);0;255;",128,0,0,0
  23               		.stabs	"float:t(0,12)=r(0,1);4;0;",128,0,0,0
  24               		.stabs	"double:t(0,13)=r(0,1);4;0;",128,0,0,0
  25               		.stabs	"long double:t(0,14)=r(0,1);4;0;",128,0,0,0
  26               		.stabs	"short _Fract:t(0,15)=r(0,1);1;0;",128,0,0,0
  27               		.stabs	"_Fract:t(0,16)=r(0,1);2;0;",128,0,0,0
  28               		.stabs	"long _Fract:t(0,17)=r(0,1);4;0;",128,0,0,0
  29               		.stabs	"long long _Fract:t(0,18)=r(0,1);8;0;",128,0,0,0
  30               		.stabs	"unsigned short _Fract:t(0,19)=r(0,1);1;0;",128,0,0,0
  31               		.stabs	"unsigned _Fract:t(0,20)=r(0,1);2;0;",128,0,0,0
  32               		.stabs	"unsigned long _Fract:t(0,21)=r(0,1);4;0;",128,0,0,0
  33               		.stabs	"unsigned long long _Fract:t(0,22)=r(0,1);8;0;",128,0,0,0
  34               		.stabs	"_Sat short _Fract:t(0,23)=r(0,1);1;0;",128,0,0,0
  35               		.stabs	"_Sat _Fract:t(0,24)=r(0,1);2;0;",128,0,0,0
  36               		.stabs	"_Sat long _Fract:t(0,25)=r(0,1);4;0;",128,0,0,0
  37               		.stabs	"_Sat long long _Fract:t(0,26)=r(0,1);8;0;",128,0,0,0
  38               		.stabs	"_Sat unsigned short _Fract:t(0,27)=r(0,1);1;0;",128,0,0,0
  39               		.stabs	"_Sat unsigned _Fract:t(0,28)=r(0,1);2;0;",128,0,0,0
  40               		.stabs	"_Sat unsigned long _Fract:t(0,29)=r(0,1);4;0;",128,0,0,0
  41               		.stabs	"_Sat unsigned long long _Fract:t(0,30)=r(0,1);8;0;",128,0,0,0
  42               		.stabs	"short _Accum:t(0,31)=r(0,1);2;0;",128,0,0,0
  43               		.stabs	"_Accum:t(0,32)=r(0,1);4;0;",128,0,0,0
  44               		.stabs	"long _Accum:t(0,33)=r(0,1);8;0;",128,0,0,0
  45               		.stabs	"long long _Accum:t(0,34)=r(0,1);8;0;",128,0,0,0
  46               		.stabs	"unsigned short _Accum:t(0,35)=r(0,1);2;0;",128,0,0,0
  47               		.stabs	"unsigned _Accum:t(0,36)=r(0,1);4;0;",128,0,0,0
  48               		.stabs	"unsigned long _Accum:t(0,37)=r(0,1);8;0;",128,0,0,0
  49               		.stabs	"unsigned long long _Accum:t(0,38)=r(0,1);8;0;",128,0,0,0
  50               		.stabs	"_Sat short _Accum:t(0,39)=r(0,1);2;0;",128,0,0,0
  51               		.stabs	"_Sat _Accum:t(0,40)=r(0,1);4;0;",128,0,0,0
  52               		.stabs	"_Sat long _Accum:t(0,41)=r(0,1);8;0;",128,0,0,0
  53               		.stabs	"_Sat long long _Accum:t(0,42)=r(0,1);8;0;",128,0,0,0
  54               		.stabs	"_Sat unsigned short _Accum:t(0,43)=r(0,1);2;0;",128,0,0,0
  55               		.stabs	"_Sat unsigned _Accum:t(0,44)=r(0,1);4;0;",128,0,0,0
  56               		.stabs	"_Sat unsigned long _Accum:t(0,45)=r(0,1);8;0;",128,0,0,0
  57               		.stabs	"_Sat unsigned long long _Accum:t(0,46)=r(0,1);8;0;",128,0,0,0
GAS LISTING /tmp/ccSWxXGe.s 			page 2


  58               		.stabs	"void:t(0,47)=(0,47)",128,0,0,0
  59               		.stabs	"/usr/lib/avr/include/avr/io.h",130,0,0,0
  60               		.stabs	"/usr/lib/avr/include/avr/sfr_defs.h",130,0,0,0
  61               		.stabs	"/usr/lib/avr/include/inttypes.h",130,0,0,0
  62               		.stabs	"/usr/lib/gcc/avr/4.9.2/include/stdint.h",130,0,0,0
  63               		.stabs	"/usr/lib/avr/include/stdint.h",130,0,0,0
  64               		.stabs	"int8_t:t(5,1)=(0,10)",128,0,121,0
  65               		.stabs	"uint8_t:t(5,2)=(0,11)",128,0,122,0
  66               		.stabs	"int16_t:t(5,3)=(0,1)",128,0,123,0
  67               		.stabs	"uint16_t:t(5,4)=(0,4)",128,0,124,0
  68               		.stabs	"int32_t:t(5,5)=(0,3)",128,0,125,0
  69               		.stabs	"uint32_t:t(5,6)=(0,5)",128,0,126,0
  70               		.stabs	"int64_t:t(5,7)=(0,6)",128,0,128,0
  71               		.stabs	"uint64_t:t(5,8)=(0,7)",128,0,129,0
  72               		.stabs	"intptr_t:t(5,9)=(5,3)",128,0,142,0
  73               		.stabs	"uintptr_t:t(5,10)=(5,4)",128,0,147,0
  74               		.stabs	"int_least8_t:t(5,11)=(5,1)",128,0,159,0
  75               		.stabs	"uint_least8_t:t(5,12)=(5,2)",128,0,164,0
  76               		.stabs	"int_least16_t:t(5,13)=(5,3)",128,0,169,0
  77               		.stabs	"uint_least16_t:t(5,14)=(5,4)",128,0,174,0
  78               		.stabs	"int_least32_t:t(5,15)=(5,5)",128,0,179,0
  79               		.stabs	"uint_least32_t:t(5,16)=(5,6)",128,0,184,0
  80               		.stabs	"int_least64_t:t(5,17)=(5,7)",128,0,192,0
  81               		.stabs	"uint_least64_t:t(5,18)=(5,8)",128,0,199,0
  82               		.stabs	"int_fast8_t:t(5,19)=(5,1)",128,0,213,0
  83               		.stabs	"uint_fast8_t:t(5,20)=(5,2)",128,0,218,0
  84               		.stabs	"int_fast16_t:t(5,21)=(5,3)",128,0,223,0
  85               		.stabs	"uint_fast16_t:t(5,22)=(5,4)",128,0,228,0
  86               		.stabs	"int_fast32_t:t(5,23)=(5,5)",128,0,233,0
  87               		.stabs	"uint_fast32_t:t(5,24)=(5,6)",128,0,238,0
  88               		.stabs	"int_fast64_t:t(5,25)=(5,7)",128,0,246,0
  89               		.stabs	"uint_fast64_t:t(5,26)=(5,8)",128,0,253,0
  90               		.stabs	"intmax_t:t(5,27)=(5,7)",128,0,273,0
  91               		.stabs	"uintmax_t:t(5,28)=(5,8)",128,0,278,0
  92               		.stabn	162,0,0,0
  93               		.stabn	162,0,0,0
  94               		.stabs	"int_farptr_t:t(3,1)=(5,5)",128,0,77,0
  95               		.stabs	"uint_farptr_t:t(3,2)=(5,6)",128,0,81,0
  96               		.stabn	162,0,0,0
  97               		.stabn	162,0,0,0
  98               		.stabs	"/usr/lib/avr/include/avr/fuse.h",130,0,0,0
  99               		.stabs	"__fuse_t:t(6,1)=(6,2)=s3low:(0,11),0,8;high:(0,11),8,8;extended:(0,11),16,8;;",128,0,244,0
 100               		.stabn	162,0,0,0
 101               		.stabn	162,0,0,0
 102               		.stabs	"/usr/lib/avr/include/stdio.h",130,0,0,0
 103               		.stabs	"/usr/lib/gcc/avr/4.9.2/include/stdarg.h",130,0,0,0
 104               		.stabs	"__gnuc_va_list:t(8,1)=(8,2)=*(0,47)",128,0,40,0
 105               		.stabs	"va_list:t(8,3)=(8,1)",128,0,98,0
 106               		.stabn	162,0,0,0
 107               		.stabs	"/usr/lib/gcc/avr/4.9.2/include/stddef.h",130,0,0,0
 108               		.stabs	"size_t:t(9,1)=(0,4)",128,0,212,0
 109               		.stabn	162,0,0,0
 110               		.stabs	"__file:T(7,1)=s14buf:(7,2)=*(0,2),0,16;unget:(0,11),16,8;flags:(5,2),24,8;size:(0,1),32,16
 111               		.stabn	162,0,0,0
 112               		.stabs	"delay_ms:F(0,47)",36,0,21,delay_ms
 113               		.stabs	"ms:P(5,4)",64,0,21,24
 114               	.global	delay_ms
GAS LISTING /tmp/ccSWxXGe.s 			page 3


 115               		.type	delay_ms, @function
 116               	delay_ms:
 117               		.stabd	46,0,0
   1:usart.c       **** // Includes
   2:usart.c       **** #include <avr/io.h>
   3:usart.c       **** #include <avr/cpufunc.h>
   4:usart.c       **** #include <avr/interrupt.h>
   5:usart.c       **** #include <stdio.h>
   6:usart.c       **** // Defines
   7:usart.c       **** #define FOSC 16000000ul  // Clock Speed
   8:usart.c       **** #define BAUD 115200      // Baudrate
   9:usart.c       **** #define BAUDRATE (FOSC/(8ul*BAUD) - 1) 
  10:usart.c       **** #define BUFFER_SIZE 20   // USART buffer size
  11:usart.c       **** 
  12:usart.c       **** // end Defines
  13:usart.c       **** 
  14:usart.c       **** // Global Variables
  15:usart.c       **** uint8_t rx_buffer[BUFFER_SIZE];     /* buffer para transmissão */
  16:usart.c       **** uint8_t rx_head, rx_tail;   /* ponteiros para o buffer circular */
  17:usart.c       **** 
  18:usart.c       **** // end Global Variables
  19:usart.c       **** 
  20:usart.c       **** 
  21:usart.c       **** void delay_ms(uint16_t ms)
  22:usart.c       **** {
 118               		.stabn	68,0,22,.LM0-.LFBB1
 119               	.LM0:
 120               	.LFBB1:
 121               	/* prologue: function */
 122               	/* frame size = 0 */
 123               	/* stack size = 0 */
 124               	.L__stack_usage = 0
  23:usart.c       ****     uint16_t i, j;
  24:usart.c       ****     for(i=0; i<ms; i++)
 125               		.stabn	68,0,24,.LM1-.LFBB1
 126               	.LM1:
 127 0000 20E0      		ldi r18,0
 128 0002 30E0      		ldi r19,0
 129               	.L2:
 130               		.stabn	68,0,24,.LM2-.LFBB1
 131               	.LM2:
 132 0004 2817      		cp r18,r24
 133 0006 3907      		cpc r19,r25
 134 0008 01F0      		breq .L7
 135 000a 40EA      		ldi r20,lo8(-96)
 136 000c 5FE0      		ldi r21,lo8(15)
 137               	.L3:
  25:usart.c       ****         for(j=0; j<4000; j++)
  26:usart.c       ****             _NOP();
 138               		.stabn	68,0,26,.LM3-.LFBB1
 139               	.LM3:
 140               	/* #APP */
 141               	 ;  26 "usart.c" 1
 142 000e 0000      		nop
 143               	 ;  0 "" 2
 144               	/* #NOAPP */
 145 0010 4150      		subi r20,1
GAS LISTING /tmp/ccSWxXGe.s 			page 4


 146 0012 5109      		sbc r21,__zero_reg__
  25:usart.c       ****         for(j=0; j<4000; j++)
 147               		.stabn	68,0,25,.LM4-.LFBB1
 148               	.LM4:
 149 0014 01F4      		brne .L3
  24:usart.c       ****         for(j=0; j<4000; j++)
 150               		.stabn	68,0,24,.LM5-.LFBB1
 151               	.LM5:
 152 0016 2F5F      		subi r18,-1
 153 0018 3F4F      		sbci r19,-1
 154 001a 00C0      		rjmp .L2
 155               	.L7:
 156               	/* epilogue start */
  27:usart.c       **** }
 157               		.stabn	68,0,27,.LM6-.LFBB1
 158               	.LM6:
 159 001c 0895      		ret
 160               		.size	delay_ms, .-delay_ms
 161               		.stabs	"i:r(5,4)",64,0,23,18
 162               		.stabn	192,0,0,.LFBB1-.LFBB1
 163               		.stabn	224,0,0,.Lscope1-.LFBB1
 164               	.Lscope1:
 165               		.stabs	"",36,0,0,.Lscope1-.LFBB1
 166               		.stabd	78,0,0
 167               		.stabs	"systemInit:F(0,47)",36,0,31,systemInit
 168               	.global	systemInit
 169               		.type	systemInit, @function
 170               	systemInit:
 171               		.stabd	46,0,0
  28:usart.c       **** 
  29:usart.c       **** // ***** Configurations ***** //
  30:usart.c       **** // System
  31:usart.c       **** void systemInit(){
 172               		.stabn	68,0,31,.LM7-.LFBB2
 173               	.LM7:
 174               	.LFBB2:
 175               	/* prologue: function */
 176               	/* frame size = 0 */
 177               	/* stack size = 0 */
 178               	.L__stack_usage = 0
  32:usart.c       **** 	DDRB = (1 << PB0); // Configure PB0 as Output
 179               		.stabn	68,0,32,.LM8-.LFBB2
 180               	.LM8:
 181 001e 81E0      		ldi r24,lo8(1)
 182 0020 84B9      		out 0x4,r24
  33:usart.c       **** 	sei();
 183               		.stabn	68,0,33,.LM9-.LFBB2
 184               	.LM9:
 185               	/* #APP */
 186               	 ;  33 "usart.c" 1
 187 0022 7894      		sei
 188               	 ;  0 "" 2
 189               	/* #NOAPP */
 190 0024 0895      		ret
 191               		.size	systemInit, .-systemInit
 192               	.Lscope2:
 193               		.stabs	"",36,0,0,.Lscope2-.LFBB2
GAS LISTING /tmp/ccSWxXGe.s 			page 5


 194               		.stabd	78,0,0
 195               		.stabs	"uartInit:F(0,47)",36,0,37,uartInit
 196               	.global	uartInit
 197               		.type	uartInit, @function
 198               	uartInit:
 199               		.stabd	46,0,0
  34:usart.c       **** }
  35:usart.c       **** 
  36:usart.c       **** // Uart
  37:usart.c       **** void uartInit(){
 200               		.stabn	68,0,37,.LM10-.LFBB3
 201               	.LM10:
 202               	.LFBB3:
 203               	/* prologue: function */
 204               	/* frame size = 0 */
 205               	/* stack size = 0 */
 206               	.L__stack_usage = 0
  38:usart.c       **** 	// Configuration of Uart Transmition RX-TX
  39:usart.c       ****     DDRD = (1 << PD1); // Configure Tx as Output
 207               		.stabn	68,0,39,.LM11-.LFBB3
 208               	.LM11:
 209 0026 82E0      		ldi r24,lo8(2)
 210 0028 8AB9      		out 0xa,r24
  40:usart.c       **** 	DDRD = ~(1 << PD0); // Configure Rx as Input
 211               		.stabn	68,0,40,.LM12-.LFBB3
 212               	.LM12:
 213 002a 9EEF      		ldi r25,lo8(-2)
 214 002c 9AB9      		out 0xa,r25
  41:usart.c       ****     // Configurate the Baudrate
  42:usart.c       ****     UBRR0H = (BAUDRATE >> 8);
 215               		.stabn	68,0,42,.LM13-.LFBB3
 216               	.LM13:
 217 002e 1092 C500 		sts 197,__zero_reg__
  43:usart.c       **** 	UBRR0L = BAUDRATE;
 218               		.stabn	68,0,43,.LM14-.LFBB3
 219               	.LM14:
 220 0032 90E1      		ldi r25,lo8(16)
 221 0034 9093 C400 		sts 196,r25
  44:usart.c       **** 	
  45:usart.c       **** 	UCSR0A = (1 << U2X0); /* double speed */
 222               		.stabn	68,0,45,.LM15-.LFBB3
 223               	.LM15:
 224 0038 8093 C000 		sts 192,r24
  46:usart.c       ****     UCSR0B = (1 << RXCIE0) | (1 << RXEN0);
 225               		.stabn	68,0,46,.LM16-.LFBB3
 226               	.LM16:
 227 003c 80E9      		ldi r24,lo8(-112)
 228 003e 8093 C100 		sts 193,r24
  47:usart.c       **** 	UCSR0C = (1 << UCSZ00) | (1 << UCSZ01);
 229               		.stabn	68,0,47,.LM17-.LFBB3
 230               	.LM17:
 231 0042 86E0      		ldi r24,lo8(6)
 232 0044 8093 C200 		sts 194,r24
 233 0048 0895      		ret
 234               		.size	uartInit, .-uartInit
 235               	.Lscope3:
 236               		.stabs	"",36,0,0,.Lscope3-.LFBB3
GAS LISTING /tmp/ccSWxXGe.s 			page 6


 237               		.stabd	78,0,0
 238               		.section	.rodata.str1.1,"aMS",@progbits,1
 239               	.LC0:
 240 0000 2564 00   		.string	"%d"
 241               		.text
 242               		.stabs	"__vector_18:F(0,47)",36,0,52,__vector_18
 243               	.global	__vector_18
 244               		.type	__vector_18, @function
 245               	__vector_18:
 246               		.stabd	46,0,0
  48:usart.c       **** 	
  49:usart.c       **** }
  50:usart.c       **** 
  51:usart.c       **** // Interruptions
  52:usart.c       **** ISR(USART_RX_vect){
 247               		.stabn	68,0,52,.LM18-.LFBB4
 248               	.LM18:
 249               	.LFBB4:
 250 004a 1F92      		push r1
 251 004c 0F92      		push r0
 252 004e 0FB6      		in r0,__SREG__
 253 0050 0F92      		push r0
 254 0052 1124      		clr __zero_reg__
 255 0054 2F93      		push r18
 256 0056 3F93      		push r19
 257 0058 4F93      		push r20
 258 005a 5F93      		push r21
 259 005c 6F93      		push r22
 260 005e 7F93      		push r23
 261 0060 8F93      		push r24
 262 0062 9F93      		push r25
 263 0064 AF93      		push r26
 264 0066 BF93      		push r27
 265 0068 EF93      		push r30
 266 006a FF93      		push r31
 267               	/* prologue: Signal */
 268               	/* frame size = 0 */
 269               	/* stack size = 15 */
 270               	.L__stack_usage = 15
  53:usart.c       **** 
  54:usart.c       **** rx_buffer[rx_head] = UDR0;
 271               		.stabn	68,0,54,.LM19-.LFBB4
 272               	.LM19:
 273 006c 8091 C600 		lds r24,198
 274 0070 E091 0000 		lds r30,rx_head
 275 0074 F0E0      		ldi r31,0
 276 0076 E050      		subi r30,lo8(-(rx_buffer))
 277 0078 F040      		sbci r31,hi8(-(rx_buffer))
 278 007a 8083      		st Z,r24
  55:usart.c       **** 
  56:usart.c       **** printf("%d",rx_buffer[rx_head]);
 279               		.stabn	68,0,56,.LM20-.LFBB4
 280               	.LM20:
 281 007c 1F92      		push __zero_reg__
 282 007e 8F93      		push r24
 283 0080 80E0      		ldi r24,lo8(.LC0)
 284 0082 90E0      		ldi r25,hi8(.LC0)
GAS LISTING /tmp/ccSWxXGe.s 			page 7


 285 0084 9F93      		push r25
 286 0086 8F93      		push r24
 287 0088 0E94 0000 		call printf
 288 008c 0F90      		pop __tmp_reg__
 289 008e 0F90      		pop __tmp_reg__
 290 0090 0F90      		pop __tmp_reg__
 291 0092 0F90      		pop __tmp_reg__
 292               	/* epilogue start */
  57:usart.c       **** 
  58:usart.c       **** }
 293               		.stabn	68,0,58,.LM21-.LFBB4
 294               	.LM21:
 295 0094 FF91      		pop r31
 296 0096 EF91      		pop r30
 297 0098 BF91      		pop r27
 298 009a AF91      		pop r26
 299 009c 9F91      		pop r25
 300 009e 8F91      		pop r24
 301 00a0 7F91      		pop r23
 302 00a2 6F91      		pop r22
 303 00a4 5F91      		pop r21
 304 00a6 4F91      		pop r20
 305 00a8 3F91      		pop r19
 306 00aa 2F91      		pop r18
 307 00ac 0F90      		pop r0
 308 00ae 0FBE      		out __SREG__,r0
 309 00b0 0F90      		pop r0
 310 00b2 1F90      		pop r1
 311 00b4 1895      		reti
 312               		.size	__vector_18, .-__vector_18
 313               	.Lscope4:
 314               		.stabs	"",36,0,0,.Lscope4-.LFBB4
 315               		.stabd	78,0,0
 316               		.section	.text.startup,"ax",@progbits
 317               		.stabs	"main:F(0,1)",36,0,72,main
 318               	.global	main
 319               		.type	main, @function
 320               	main:
 321               		.stabd	46,0,0
  59:usart.c       **** 
  60:usart.c       **** // ISR(USART_UDRE_vect){
  61:usart.c       **** //     UDR0 = 9;
  62:usart.c       **** 
  63:usart.c       **** // }
  64:usart.c       **** // ***** End of configurations ***** //
  65:usart.c       **** 
  66:usart.c       **** // Functions
  67:usart.c       **** 
  68:usart.c       **** 
  69:usart.c       **** //
  70:usart.c       **** 
  71:usart.c       **** // Main 
  72:usart.c       **** int main(){
 322               		.stabn	68,0,72,.LM22-.LFBB5
 323               	.LM22:
 324               	.LFBB5:
 325               	/* prologue: function */
GAS LISTING /tmp/ccSWxXGe.s 			page 8


 326               	/* frame size = 0 */
 327               	/* stack size = 0 */
 328               	.L__stack_usage = 0
  73:usart.c       **** 
  74:usart.c       ****     systemInit();
 329               		.stabn	68,0,74,.LM23-.LFBB5
 330               	.LM23:
 331 0000 0E94 0000 		call systemInit
  75:usart.c       ****     uartInit();
 332               		.stabn	68,0,75,.LM24-.LFBB5
 333               	.LM24:
 334 0004 0E94 0000 		call uartInit
 335               	.L12:
  76:usart.c       **** 	while(1){
  77:usart.c       **** 
  78:usart.c       **** 	}
 336               		.stabn	68,0,78,.LM25-.LFBB5
 337               	.LM25:
 338 0008 00C0      		rjmp .L12
 339               		.size	main, .-main
 340               	.Lscope5:
 341               		.stabs	"",36,0,0,.Lscope5-.LFBB5
 342               		.stabd	78,0,0
 343               		.comm	rx_tail,1,1
 344               		.comm	rx_head,1,1
 345               		.comm	rx_buffer,20,1
 346               		.stabs	"rx_buffer:G(0,48)=ar(0,49)=r(0,49);0;0177777;;0;19;(5,2)",32,0,15,0
 347               		.stabs	"rx_head:G(5,2)",32,0,16,0
 348               		.stabs	"rx_tail:G(5,2)",32,0,16,0
 349               		.text
 350               		.stabs	"",100,0,0,.Letext0
 351               	.Letext0:
 352               		.ident	"GCC: (GNU) 4.9.2"
 353               	.global __do_copy_data
 354               	.global __do_clear_bss
GAS LISTING /tmp/ccSWxXGe.s 			page 9


DEFINED SYMBOLS
                            *ABS*:0000000000000000 usart.c
     /tmp/ccSWxXGe.s:2      *ABS*:000000000000003e __SP_H__
     /tmp/ccSWxXGe.s:3      *ABS*:000000000000003d __SP_L__
     /tmp/ccSWxXGe.s:4      *ABS*:000000000000003f __SREG__
     /tmp/ccSWxXGe.s:5      *ABS*:0000000000000000 __tmp_reg__
     /tmp/ccSWxXGe.s:6      *ABS*:0000000000000001 __zero_reg__
     /tmp/ccSWxXGe.s:116    .text:0000000000000000 delay_ms
     /tmp/ccSWxXGe.s:170    .text:000000000000001e systemInit
     /tmp/ccSWxXGe.s:198    .text:0000000000000026 uartInit
     /tmp/ccSWxXGe.s:245    .text:000000000000004a __vector_18
                            *COM*:0000000000000001 rx_head
                            *COM*:0000000000000014 rx_buffer
     /tmp/ccSWxXGe.s:320    .text.startup:0000000000000000 main
                            *COM*:0000000000000001 rx_tail

UNDEFINED SYMBOLS
printf
__do_copy_data
__do_clear_bss
